<?xml version="1.0" encoding="UTF-8"?>
<testng-results ignored="0" total="1" passed="1" failed="0" skipped="0">
  <reporter-output>
  </reporter-output>
  <suite started-at="2026-01-31T21:48:19 CST" name="Surefire suite" finished-at="2026-01-31T21:48:24 CST" duration-ms="4124">
    <groups>
    </groups>
    <test started-at="2026-01-31T21:48:19 CST" name="Surefire test" finished-at="2026-01-31T21:48:24 CST" duration-ms="4124">
      <class name="com.qa.tests.FirstTest">
        <test-method is-config="true" signature="setup()[pri:0, instance:com.qa.tests.FirstTest@78b729e6]" started-at="2026-01-31T21:48:19 CST" name="setup" finished-at="2026-01-31T21:48:22 CST" duration-ms="2575" status="PASS">
          <reporter-output>
          </reporter-output>
        </test-method> <!-- setup -->
        <test-method signature="testGoogle()[pri:0, instance:com.qa.tests.FirstTest@78b729e6]" started-at="2026-01-31T21:48:22 CST" name="testGoogle" finished-at="2026-01-31T21:48:23 CST" duration-ms="713" status="PASS">
          <reporter-output>
          </reporter-output>
        </test-method> <!-- testGoogle -->
        <test-method is-config="true" signature="tearDown()[pri:0, instance:com.qa.tests.FirstTest@78b729e6]" started-at="2026-01-31T21:48:23 CST" name="tearDown" finished-at="2026-01-31T21:48:24 CST" duration-ms="804" status="PASS">
          <reporter-output>
          </reporter-output>
        </test-method> <!-- tearDown -->
      </class> <!-- com.qa.tests.FirstTest -->
    </test> <!-- Surefire test -->
  </suite> <!-- Surefire suite -->
</testng-results>
